default 0
timeout 30

title Boot from hard disk
chainloader (hd0)+1

# Edit it to the filename of your kernel.
title My kernel
#kernel /krnl32   root=/dev/cdrom0  root_type=iso start=terminal\037-F   vid=--vga
#kernel /krnl32   root=/dev/ram0  root_type=tmpfs start=live-welcome  vid=auto,1440,900
kernel /krnl32   root=/dev/cdrom0  root_type=iso  init=/bin/hello  vid=--vga

module /mod/zero.ko
module /mod/random.ko
module /mod/serial.ko
module /mod/debug_sh.ko
module /mod/ata.ko
module /mod/hda.ko
module /mod/ext2.ko
module /mod/iso9660.ko
module /mod/procfs.ko
module /mod/tmpfs.ko
module /mod/packetfs.ko
module /mod/tarfs.ko
module /mod/ps2kbd.ko
module /mod/ps2mouse.ko
module /mod/lfbvideo.ko
module /mod/pcspkr.ko
module /mod/portio.ko
module /mod/vgalog.ko
#module /mod/vgadbg.ko
module /mod/vidset.ko
module /mod/vbox.ko

#module /ramdisk.img
